<?xml version="1.0" encoding="UTF-8"?>
<testng-results ignored="0" total="1" passed="1" failed="0" skipped="0">
  <reporter-output>
  </reporter-output>
  <suite started-at="2023-07-15T14:13:19 IST" name="Default suite" finished-at="2023-07-15T14:14:29 IST" duration-ms="70023">
    <groups>
    </groups>
    <test started-at="2023-07-15T14:13:19 IST" name="Default test" finished-at="2023-07-15T14:14:29 IST" duration-ms="70023">
      <class name="login_Page.TestCases_loginPage">
        <test-method is-config="true" signature="openBrowser()[pri:0, instance:login_Page.TestCases_loginPage@3aefe5e5]" started-at="2023-07-15T14:13:19 IST" name="openBrowser" finished-at="2023-07-15T14:14:23 IST" duration-ms="63615" status="PASS">
          <reporter-output>
          </reporter-output>
        </test-method> <!-- openBrowser -->
        <test-method signature="getFailedlogin_credential()[pri:3, instance:login_Page.TestCases_loginPage@3aefe5e5]" started-at="2023-07-15T14:14:23 IST" name="getFailedlogin_credential" finished-at="2023-07-15T14:14:29 IST" duration-ms="5999" status="PASS">
          <reporter-output>
          </reporter-output>
        </test-method> <!-- getFailedlogin_credential -->
        <test-method is-config="true" signature="closeBrowser()[pri:0, instance:login_Page.TestCases_loginPage@3aefe5e5]" started-at="2023-07-15T14:14:29 IST" name="closeBrowser" finished-at="2023-07-15T14:14:29 IST" duration-ms="343" status="PASS">
          <reporter-output>
          </reporter-output>
        </test-method> <!-- closeBrowser -->
      </class> <!-- login_Page.TestCases_loginPage -->
    </test> <!-- Default test -->
  </suite> <!-- Default suite -->
</testng-results>
